Your application is Listening on port 3002
  <-- POST /?signature=32865d5581eadc92482fcad1ac73f14bb24ea6cf&timestamp=1593314925&nonce=979005263&openid=oD5b_40ERop3bh_kqHSp8LghYF10&encrypt_type=aes&msg_signature=46edd6e2b32191ef301bd60ad80279e1c473b4b6
  --> POST /?signature=32865d5581eadc92482fcad1ac73f14bb24ea6cf&timestamp=1593314925&nonce=979005263&openid=oD5b_40ERop3bh_kqHSp8LghYF10&encrypt_type=aes&msg_signature=46edd6e2b32191ef301bd60ad80279e1c473b4b6 404 33ms -
  <-- POST /?signature=120f0b40cd38665163c19d643ea8a80e72ae38a8&timestamp=1593314956&nonce=209111448&openid=oD5b_40ERop3bh_kqHSp8LghYF10&encrypt_type=aes&msg_signature=1ca3c057713bd3c2abd4a9cd7215f2ea2070342f
  --> POST /?signature=120f0b40cd38665163c19d643ea8a80e72ae38a8&timestamp=1593314956&nonce=209111448&openid=oD5b_40ERop3bh_kqHSp8LghYF10&encrypt_type=aes&msg_signature=1ca3c057713bd3c2abd4a9cd7215f2ea2070342f 404 2ms -
  <-- POST /?signature=310499e2efb713c9902e53773b3adda72a40606f&timestamp=1593314982&nonce=2033692052&openid=oD5b_40ERop3bh_kqHSp8LghYF10&encrypt_type=aes&msg_signature=05c0dd5a14a2931bf6c188235c030c6dc984aa67
  --> POST /?signature=310499e2efb713c9902e53773b3adda72a40606f&timestamp=1593314982&nonce=2033692052&openid=oD5b_40ERop3bh_kqHSp8LghYF10&encrypt_type=aes&msg_signature=05c0dd5a14a2931bf6c188235c030c6dc984aa67 404 1ms -
Your application is Listening on port 3002
  <-- POST /?signature=9ca85df4bfe9ca181658ef82995cfe17dbdea56a&timestamp=1593315124&nonce=1420553338&openid=oD5b_40ERop3bh_kqHSp8LghYF10&encrypt_type=aes&msg_signature=5e0b6136a0af60b4e5e71d1716ef31c67da5977f
  --> POST /?signature=9ca85df4bfe9ca181658ef82995cfe17dbdea56a&timestamp=1593315124&nonce=1420553338&openid=oD5b_40ERop3bh_kqHSp8LghYF10&encrypt_type=aes&msg_signature=5e0b6136a0af60b4e5e71d1716ef31c67da5977f 404 29ms -
  <-- POST /?signature=f2f2aa55b6ac02775dbe9cf446d0f2b4908af8bd&timestamp=1593315130&nonce=1022593845&openid=oD5b_40ERop3bh_kqHSp8LghYF10&encrypt_type=aes&msg_signature=2cf5a670301cd3e490034821ea3d4defd0d42c2e
  --> POST /?signature=f2f2aa55b6ac02775dbe9cf446d0f2b4908af8bd&timestamp=1593315130&nonce=1022593845&openid=oD5b_40ERop3bh_kqHSp8LghYF10&encrypt_type=aes&msg_signature=2cf5a670301cd3e490034821ea3d4defd0d42c2e 404 2ms -
Your application is Listening on port 3002
  <-- POST /?signature=44733d99df3c8e6b34de66d1f1d4cdbbae8228bb&timestamp=1593315150&nonce=706377768&openid=oD5b_40ERop3bh_kqHSp8LghYF10&encrypt_type=aes&msg_signature=a584c67c59cd355a5f4988ef2a1f24a0d2a1818b
  --> POST /?signature=44733d99df3c8e6b34de66d1f1d4cdbbae8228bb&timestamp=1593315150&nonce=706377768&openid=oD5b_40ERop3bh_kqHSp8LghYF10&encrypt_type=aes&msg_signature=a584c67c59cd355a5f4988ef2a1f24a0d2a1818b 404 28ms -
Your application is Listening on port 3002
  <-- POST /?signature=d01ed2c03f5cb0957be4f9123003b31a531839b8&timestamp=1593315203&nonce=534659391&openid=oD5b_40ERop3bh_kqHSp8LghYF10&encrypt_type=aes&msg_signature=a6cb3b6c387c212c955de0ac979d570c9a69fdd0
  xxx POST /?signature=d01ed2c03f5cb0957be4f9123003b31a531839b8&timestamp=1593315203&nonce=534659391&openid=oD5b_40ERop3bh_kqHSp8LghYF10&encrypt_type=aes&msg_signature=a6cb3b6c387c212c955de0ac979d570c9a69fdd0 400 5,000ms -
  <-- POST /?signature=d01ed2c03f5cb0957be4f9123003b31a531839b8&timestamp=1593315203&nonce=534659391&openid=oD5b_40ERop3bh_kqHSp8LghYF10&encrypt_type=aes&msg_signature=a6cb3b6c387c212c955de0ac979d570c9a69fdd0
{"ToUserName":"gh_5907ea276845","Encrypt":"dVHpDMyX7uFP/04olBxHB0kOzzyKaCU1jVB2dRcFEC9wxMFAAH14N15kF52BIfAmvGqNVP724WG8BSwybY1jKdf3Wmri7kTBdXS2XgDj0mhVpvfKcGT9dHyxVYb7H8czx6CPtO1T8oa9p4u8Zo1mRsWbFpU0KaeO8fYYMoklk59e5hEFnE/Czxyh9n2xGynrvPHgrpYTIgjpNRf7BVAx54Njf5lIG+H9UNJc9xPwHYte32091Nsb+rf6nARgM7Lq75Zvl4KM3dOFF15bLhyKqCI9dA/OCwpoxyeG6qudDnA="}
{"ToUserName":"gh_5907ea276845","FromUserName":"oD5b_40ERop3bh_kqHSp8LghYF10","CreateTime":1593315203,"MsgType":"event","Event":"user_enter_tempsession","SessionFrom":"sly"}
{
  touser: 'oD5b_40ERop3bh_kqHSp8LghYF10',
  msgtype: 'text',
  text: { content: '请添加达人微信：adsfadsf' }
}
{ errcode: 0, errmsg: 'ok' }
回复的内容是: success
success
  --> POST /?signature=d01ed2c03f5cb0957be4f9123003b31a531839b8&timestamp=1593315203&nonce=534659391&openid=oD5b_40ERop3bh_kqHSp8LghYF10&encrypt_type=aes&msg_signature=a6cb3b6c387c212c955de0ac979d570c9a69fdd0 200 145ms 7b
  <-- POST /?signature=e9854020d999ecb708153773e6eaef393b729196&timestamp=1593315219&nonce=2137422785&openid=oD5b_40ERop3bh_kqHSp8LghYF10&encrypt_type=aes&msg_signature=4236685563b814581773da1bf79523695a209820
  xxx POST /?signature=e9854020d999ecb708153773e6eaef393b729196&timestamp=1593315219&nonce=2137422785&openid=oD5b_40ERop3bh_kqHSp8LghYF10&encrypt_type=aes&msg_signature=4236685563b814581773da1bf79523695a209820 400 5,002ms -
  <-- POST /?signature=e9854020d999ecb708153773e6eaef393b729196&timestamp=1593315219&nonce=2137422785&openid=oD5b_40ERop3bh_kqHSp8LghYF10&encrypt_type=aes&msg_signature=4236685563b814581773da1bf79523695a209820
{"ToUserName":"gh_5907ea276845","Encrypt":"+YAbsi5M+3ce7bU5qh6Oh63m7WnkEqg78PreXs2OHucUgAzem/4QFUy07Cqv+l0QJHfcGyAPIz9rbsPvvCj6eZMqinfCRZUFTql67ZUUGPhy3Ew7d5+rIlSpCMVhyxFGJZ9UjySnoo9Xp2V84mQsZZ/f/Gc50uWyjBEwy2PQA1D5M4Mr7nAeWSP02drvlXb9q6368t6b+5mRauwFLOnegDlfPFsrU3E79tewraEyUFPMIrEYsnUISqV2PQT74BAuOIefYBLq6HKa+HNNXEMbqPS9hPzhij+wVsSoOGmg2PE="}
{"ToUserName":"gh_5907ea276845","FromUserName":"oD5b_40ERop3bh_kqHSp8LghYF10","CreateTime":1593315219,"MsgType":"event","Event":"user_enter_tempsession","SessionFrom":"jyg"}
{
  touser: 'oD5b_40ERop3bh_kqHSp8LghYF10',
  msgtype: 'link',
  link: {
    title: '粉粉服务号',
    description: '点击关注粉粉服务号',
    url: 'http://t.cn/A6LHQqg4',
    thumb_url: ''
  }
}
{ errcode: 0, errmsg: 'ok' }
回复的内容是: success
success
  --> POST /?signature=e9854020d999ecb708153773e6eaef393b729196&timestamp=1593315219&nonce=2137422785&openid=oD5b_40ERop3bh_kqHSp8LghYF10&encrypt_type=aes&msg_signature=4236685563b814581773da1bf79523695a209820 200 139ms 7b
  <-- POST /?signature=c7a306d468e9d4536c19abdb5e7599e38bca4355&timestamp=1593315224&nonce=622299465&openid=oD5b_40ERop3bh_kqHSp8LghYF10&encrypt_type=aes&msg_signature=3120cc58d5bcee931c41f25a60c87a92f062fcb0
  xxx POST /?signature=c7a306d468e9d4536c19abdb5e7599e38bca4355&timestamp=1593315224&nonce=622299465&openid=oD5b_40ERop3bh_kqHSp8LghYF10&encrypt_type=aes&msg_signature=3120cc58d5bcee931c41f25a60c87a92f062fcb0 400 5,004ms -
  <-- POST /?signature=c7a306d468e9d4536c19abdb5e7599e38bca4355&timestamp=1593315224&nonce=622299465&openid=oD5b_40ERop3bh_kqHSp8LghYF10&encrypt_type=aes&msg_signature=3120cc58d5bcee931c41f25a60c87a92f062fcb0
{"ToUserName":"gh_5907ea276845","Encrypt":"pmsT/7egncDsl8IcpSvyE0sKgewNJ5QaihEU3CUeMKmnoeDew+MXqXpu3YbgOgUPZ/+iEr1S2fDRt3OqXlt2nav38CJVFAqC3N7DIyxETIinpwJVGlCiPJTe9hiYvdvIqN3xoOpRdjfK+SOesC5YzPHjp+lhEtxsj99EpmB5dycMjWBW0r96cjVEGt6fe8zmJzTbrWgWcruHsglGMnrVKn13Fa7WAM/0R9kXU0/UKqQF1doIKlgrasn8tx6iBNDuxDB4Bye7XlptbUPP9sETURAu2uYfe3vKNEZTG0LYSmc="}
{"ToUserName":"gh_5907ea276845","FromUserName":"oD5b_40ERop3bh_kqHSp8LghYF10","CreateTime":1593315224,"MsgType":"event","Event":"user_enter_tempsession","SessionFrom":"sly"}
{
  touser: 'oD5b_40ERop3bh_kqHSp8LghYF10',
  msgtype: 'text',
  text: { content: '请添加达人微信：adsfadsf' }
}
{ errcode: 0, errmsg: 'ok' }
回复的内容是: success
success
  --> POST /?signature=c7a306d468e9d4536c19abdb5e7599e38bca4355&timestamp=1593315224&nonce=622299465&openid=oD5b_40ERop3bh_kqHSp8LghYF10&encrypt_type=aes&msg_signature=3120cc58d5bcee931c41f25a60c87a92f062fcb0 200 164ms 7b
  <-- GET /
  --> GET / 200 2ms 36b
  <-- POST /?signature=6f7949b1dd4c20455ed8be7fbad5a16df6ad9968&timestamp=1593315705&nonce=915516469&openid=oD5b_40ERop3bh_kqHSp8LghYF10&encrypt_type=aes&msg_signature=a8a41ad8858aef2b2dae0140214d9b6b41a5935f
  xxx POST /?signature=6f7949b1dd4c20455ed8be7fbad5a16df6ad9968&timestamp=1593315705&nonce=915516469&openid=oD5b_40ERop3bh_kqHSp8LghYF10&encrypt_type=aes&msg_signature=a8a41ad8858aef2b2dae0140214d9b6b41a5935f 400 5,002ms -
  <-- POST /?signature=6f7949b1dd4c20455ed8be7fbad5a16df6ad9968&timestamp=1593315705&nonce=915516469&openid=oD5b_40ERop3bh_kqHSp8LghYF10&encrypt_type=aes&msg_signature=a8a41ad8858aef2b2dae0140214d9b6b41a5935f
{"ToUserName":"gh_5907ea276845","Encrypt":"76nrrDkNfpGkpU8y9ktAvv6INmjC66jY2HBYV0EXbMspXc+40t8vEYfbcvdj7WBcMMkBwcmtUsiAbJJIMFV8ECypnYDY6li9fW1llHQkBFD5glCSUCuB3OhspPiwu8JxqeoIcKW91ZgnLEq9n3HXA5Ln3/JoRQ5lyPy8BJ1Os0RCSZpC4Gospcwd+Zz5GK+sIZjCxxrmBnMH0qCSaJvwn6rRMiLiEvw4CBSP6Xf7GqWOp2KxQXO7rV4Uss6idjcApE7/1by2DyMf4LhQqixQGCYmzZSBg4mNGRGkZrmRYTY="}
{"ToUserName":"gh_5907ea276845","FromUserName":"oD5b_40ERop3bh_kqHSp8LghYF10","CreateTime":1593315705,"MsgType":"event","Event":"user_enter_tempsession","SessionFrom":"jyg"}
{
  touser: 'oD5b_40ERop3bh_kqHSp8LghYF10',
  msgtype: 'link',
  link: {
    title: '粉粉服务号',
    description: '点击关注粉粉服务号',
    url: 'http://t.cn/A6LHQqg4',
    thumb_url: ''
  }
}
{ errcode: 0, errmsg: 'ok' }
回复的内容是: success
success
  --> POST /?signature=6f7949b1dd4c20455ed8be7fbad5a16df6ad9968&timestamp=1593315705&nonce=915516469&openid=oD5b_40ERop3bh_kqHSp8LghYF10&encrypt_type=aes&msg_signature=a8a41ad8858aef2b2dae0140214d9b6b41a5935f 200 160ms 7b
  <-- POST /?signature=7e51f3d75a3c40f8d3cce96d96e567b02ad46834&timestamp=1593315783&nonce=935036046&openid=oD5b_40ERop3bh_kqHSp8LghYF10&encrypt_type=aes&msg_signature=2bbee5d828fa4fb0101887e34293b03e0e6e8077
  xxx POST /?signature=7e51f3d75a3c40f8d3cce96d96e567b02ad46834&timestamp=1593315783&nonce=935036046&openid=oD5b_40ERop3bh_kqHSp8LghYF10&encrypt_type=aes&msg_signature=2bbee5d828fa4fb0101887e34293b03e0e6e8077 400 5,001ms -
  <-- POST /?signature=7e51f3d75a3c40f8d3cce96d96e567b02ad46834&timestamp=1593315783&nonce=935036046&openid=oD5b_40ERop3bh_kqHSp8LghYF10&encrypt_type=aes&msg_signature=2bbee5d828fa4fb0101887e34293b03e0e6e8077
{"ToUserName":"gh_5907ea276845","Encrypt":"HY8871pc5o5vr/MkDpYXZytP+Eng6rTn+Zf/AWeHYwRyBeHrzZkWnlgo4/Nvwb+VER6g/ijeFRuoZwuymEYPEwSXCNLLRR5s0CCmb88WpxVQSlQ0nUR0D8lzFNPKCkkICQtsN8H2xrOZGPDifnqO0yE1fCPl1fu+147K1atBAvo7T3csC4RzgT2kAkBqItDWqlEp6n7VFEiDEfdPIkGX9LiQNuohm65aoROxX9767e/wYr+LNN1g8kqzkXsOursSRofln0P3d90OO/QWJFkhgwtECWhj47HlUA2TwIRibds="}
{"ToUserName":"gh_5907ea276845","FromUserName":"oD5b_40ERop3bh_kqHSp8LghYF10","CreateTime":1593315783,"MsgType":"event","Event":"user_enter_tempsession","SessionFrom":"jyg"}
{
  touser: 'oD5b_40ERop3bh_kqHSp8LghYF10',
  msgtype: 'link',
  link: {
    title: '粉粉服务号',
    description: '点击关注粉粉服务号',
    url: 'http://t.cn/A6LHQqg4',
    thumb_url: ''
  }
}
{ errcode: 0, errmsg: 'ok' }
回复的内容是: success
success
  --> POST /?signature=7e51f3d75a3c40f8d3cce96d96e567b02ad46834&timestamp=1593315783&nonce=935036046&openid=oD5b_40ERop3bh_kqHSp8LghYF10&encrypt_type=aes&msg_signature=2bbee5d828fa4fb0101887e34293b03e0e6e8077 200 171ms 7b
  <-- POST /?signature=b1add587eb597aa6d245b88a56a5698f46b1ce45&timestamp=1593315794&nonce=138460830&openid=oD5b_40ERop3bh_kqHSp8LghYF10&encrypt_type=aes&msg_signature=d6c0621e3caf556c33ffcfc0ad75fab2babc821d
  xxx POST /?signature=b1add587eb597aa6d245b88a56a5698f46b1ce45&timestamp=1593315794&nonce=138460830&openid=oD5b_40ERop3bh_kqHSp8LghYF10&encrypt_type=aes&msg_signature=d6c0621e3caf556c33ffcfc0ad75fab2babc821d 400 5,000ms -
  <-- POST /?signature=b1add587eb597aa6d245b88a56a5698f46b1ce45&timestamp=1593315794&nonce=138460830&openid=oD5b_40ERop3bh_kqHSp8LghYF10&encrypt_type=aes&msg_signature=d6c0621e3caf556c33ffcfc0ad75fab2babc821d
{"ToUserName":"gh_5907ea276845","Encrypt":"7cYC93X9UDfyi8qaskThVVih4kd+eI8GjPzwQwGAE9IcSUD68TJSxJA/tTXfG+UKfWbCh9cSycYRHuOCs6UDhrrbT3FkbK6nbOADP7R5hWPYqnhFT2b76964tOkfbTir4K7rYtuonZPNPfwGVR+4mYBDxtM2+vCev9iCjczgQVkPzcD0mvqhQwL+2Rre46ZLk5k/xcir2WKNj+ow+whajVBO9H//DSH6cnnElPS0AQd8yT42fvnJYJQ2B3Rn9mgR4sdzhP430ndN6CO+zOngd0I4vjdyHgZZ9id/WZTwzy0="}
{"ToUserName":"gh_5907ea276845","FromUserName":"oD5b_40ERop3bh_kqHSp8LghYF10","CreateTime":1593315794,"MsgType":"event","Event":"user_enter_tempsession","SessionFrom":"sly"}
{
  touser: 'oD5b_40ERop3bh_kqHSp8LghYF10',
  msgtype: 'text',
  text: { content: '请添加达人微信：adsfadsf' }
}
{
  errcode: 45047,
  errmsg: 'out of response count limit hint: [ntKP07995658]'
}
回复的内容是: success
success
  --> POST /?signature=b1add587eb597aa6d245b88a56a5698f46b1ce45&timestamp=1593315794&nonce=138460830&openid=oD5b_40ERop3bh_kqHSp8LghYF10&encrypt_type=aes&msg_signature=d6c0621e3caf556c33ffcfc0ad75fab2babc821d 200 89ms 7b
  <-- POST /?signature=ef6dff8090260dfc4751f0df0ca01a3bc74732b6&timestamp=1593315813&nonce=1974214499&openid=oD5b_40ERop3bh_kqHSp8LghYF10&encrypt_type=aes&msg_signature=6e3053dd7f2dd7c8ff063b7173204884fc62ee84
  xxx POST /?signature=ef6dff8090260dfc4751f0df0ca01a3bc74732b6&timestamp=1593315813&nonce=1974214499&openid=oD5b_40ERop3bh_kqHSp8LghYF10&encrypt_type=aes&msg_signature=6e3053dd7f2dd7c8ff063b7173204884fc62ee84 400 5,001ms -
  <-- POST /?signature=ef6dff8090260dfc4751f0df0ca01a3bc74732b6&timestamp=1593315813&nonce=1974214499&openid=oD5b_40ERop3bh_kqHSp8LghYF10&encrypt_type=aes&msg_signature=6e3053dd7f2dd7c8ff063b7173204884fc62ee84
{"ToUserName":"gh_5907ea276845","Encrypt":"99k/eA966JCts/jXQqzA+n6PHBOB1JSuf2v6r+r2v1C+IYIE8h37Hy0IGiY6EF4hdAe6CF+rkO4X37SnFN5UN21AZcZ4KjQftLWEh++dHHw9yUzObYyNL1XIY0JEeK33zhAiQRz9f1F5K4s2RvqTvsQ+YwP+AmzWUaTfdeeVQtLl1gz9xbjis7XZ6kEhFeCVeB8t+LaC8pGs4nEn6B+0z+pRjUi4tnBoDH3IR7urQeoDDS89Le4fY3dvLGFnGmbBzx6/ZGTbSHO6TvjjJD0J1T+4jLV9eRjQPTZN1Sptjg8="}
{"ToUserName":"gh_5907ea276845","FromUserName":"oD5b_40ERop3bh_kqHSp8LghYF10","CreateTime":1593315813,"MsgType":"event","Event":"user_enter_tempsession","SessionFrom":"sly"}
{
  touser: 'oD5b_40ERop3bh_kqHSp8LghYF10',
  msgtype: 'text',
  text: { content: '请添加达人微信：adsfadsf' }
}
{
  errcode: 45047,
  errmsg: 'out of response count limit hint: [WiV9la08182277]'
}
回复的内容是: success
success
  --> POST /?signature=ef6dff8090260dfc4751f0df0ca01a3bc74732b6&timestamp=1593315813&nonce=1974214499&openid=oD5b_40ERop3bh_kqHSp8LghYF10&encrypt_type=aes&msg_signature=6e3053dd7f2dd7c8ff063b7173204884fc62ee84 200 89ms 7b
  <-- POST /?signature=a0f547c8a609ff001f9d9d171afd687ead86f7ea&timestamp=1593315880&nonce=132560996&openid=oD5b_40ERop3bh_kqHSp8LghYF10&encrypt_type=aes&msg_signature=fecd5493762010973fea2d05af83290adb465bb8
  xxx POST /?signature=a0f547c8a609ff001f9d9d171afd687ead86f7ea&timestamp=1593315880&nonce=132560996&openid=oD5b_40ERop3bh_kqHSp8LghYF10&encrypt_type=aes&msg_signature=fecd5493762010973fea2d05af83290adb465bb8 400 5,003ms -
  <-- POST /?signature=a0f547c8a609ff001f9d9d171afd687ead86f7ea&timestamp=1593315880&nonce=132560996&openid=oD5b_40ERop3bh_kqHSp8LghYF10&encrypt_type=aes&msg_signature=fecd5493762010973fea2d05af83290adb465bb8
{"ToUserName":"gh_5907ea276845","Encrypt":"JyWvWyuL1UrWUbI8nZyY35L0phohg85DJARgE0oDAaa8RmolMZBYaIToErayP6L1cUBWQAsm/Uk0eJ6Hq1e2NOdYR6cSutzh+ZXNWHKVNM+olQVgDzl7ILEr4qs2aIB2PrI3rmcttng7OvXFMRODxYOiD5QQxEfV7OoDtidj2+isuBYRbxLzrJX5q3C+KQiy+NGrKWzV/uVjzxnTCmMCJv1CEp4ez9ohIpMdnQNrVAykJhUlC3/HqWH16KfTahUTDIhrz9t4CqMHfpICevy2c0wqCgCFjebWsZ3aDUYZc4o="}
{"ToUserName":"gh_5907ea276845","FromUserName":"oD5b_40ERop3bh_kqHSp8LghYF10","CreateTime":1593315880,"MsgType":"event","Event":"user_enter_tempsession","SessionFrom":"jyg"}
{
  touser: 'oD5b_40ERop3bh_kqHSp8LghYF10',
  msgtype: 'link',
  link: {
    title: '粉粉服务号',
    description: '点击关注粉粉服务号',
    url: 'http://t.cn/A6LHQqg4',
    thumb_url: ''
  }
}
{
  errcode: 45047,
  errmsg: 'out of response count limit hint: [R65PGA08852037]'
}
回复的内容是: success
success
  --> POST /?signature=a0f547c8a609ff001f9d9d171afd687ead86f7ea&timestamp=1593315880&nonce=132560996&openid=oD5b_40ERop3bh_kqHSp8LghYF10&encrypt_type=aes&msg_signature=fecd5493762010973fea2d05af83290adb465bb8 200 77ms 7b
  <-- POST /?signature=c592c26e568ef902793ac7da8442d9597f82e256&timestamp=1593315898&nonce=1197840004&openid=oD5b_40ERop3bh_kqHSp8LghYF10&encrypt_type=aes&msg_signature=2aab1970c43fe06e6092acf3a19b5f96a4fbd83f
  xxx POST /?signature=c592c26e568ef902793ac7da8442d9597f82e256&timestamp=1593315898&nonce=1197840004&openid=oD5b_40ERop3bh_kqHSp8LghYF10&encrypt_type=aes&msg_signature=2aab1970c43fe06e6092acf3a19b5f96a4fbd83f 400 5,002ms -
  <-- POST /?signature=c592c26e568ef902793ac7da8442d9597f82e256&timestamp=1593315898&nonce=1197840004&openid=oD5b_40ERop3bh_kqHSp8LghYF10&encrypt_type=aes&msg_signature=2aab1970c43fe06e6092acf3a19b5f96a4fbd83f
{"ToUserName":"gh_5907ea276845","Encrypt":"nvgjY4g8U7OIco0FLoFycEmSQlYH6sknsAwd/GAZNv72p20Yy59eRJotv6nfmyWC0c727gDE1VnVLbLXSlPY7awExlQeMGSuUVClgXZIgC9uEt8XsG7kgCN2kizhCRS0KAhTusqYHs/MilAae1/rUsKODBtWrTxO1/vEgGIPzfZTIR2NUHkVHvf3HJH6Np6T5nGd5EXHqEOYGbgJaPrPJIOzvH5P4rTpUQQ+F6Dv6XUQSnZCr+U8HqcWkL4P1gSulwBpQbsU5Qhy69UGCbdVPcFNRcNe3s2shUzczLR5YXk="}
{"ToUserName":"gh_5907ea276845","FromUserName":"oD5b_40ERop3bh_kqHSp8LghYF10","CreateTime":1593315898,"MsgType":"event","Event":"user_enter_tempsession","SessionFrom":"jyg"}
{
  touser: 'oD5b_40ERop3bh_kqHSp8LghYF10',
  msgtype: 'link',
  link: {
    title: '粉粉服务号',
    description: '点击关注粉粉服务号',
    url: 'http://t.cn/A6LHQqg4',
    thumb_url: ''
  }
}
{
  errcode: 45047,
  errmsg: 'out of response count limit hint: [cL7HPA0903d146]'
}
回复的内容是: success
success
  --> POST /?signature=c592c26e568ef902793ac7da8442d9597f82e256&timestamp=1593315898&nonce=1197840004&openid=oD5b_40ERop3bh_kqHSp8LghYF10&encrypt_type=aes&msg_signature=2aab1970c43fe06e6092acf3a19b5f96a4fbd83f 200 68ms 7b
  <-- POST /?signature=1b38d9277c555bfb51f967a85d5f72a48d6866fa&timestamp=1593323098&nonce=266945375&openid=oD5b_40ERop3bh_kqHSp8LghYF10&encrypt_type=aes&msg_signature=8a81af7e0be9950814db891966c877737973c03e
  <-- POST /?signature=558d6e74adc5f2e5b0324a8a97f01d3510d395b8&timestamp=1593323102&nonce=370772196&openid=oD5b_40ERop3bh_kqHSp8LghYF10&encrypt_type=aes&msg_signature=42344e1716c4ef3b551d29a291f10948e610df3e
  xxx POST /?signature=1b38d9277c555bfb51f967a85d5f72a48d6866fa&timestamp=1593323098&nonce=266945375&openid=oD5b_40ERop3bh_kqHSp8LghYF10&encrypt_type=aes&msg_signature=8a81af7e0be9950814db891966c877737973c03e 400 5,001ms -
  <-- POST /?signature=1b38d9277c555bfb51f967a85d5f72a48d6866fa&timestamp=1593323098&nonce=266945375&openid=oD5b_40ERop3bh_kqHSp8LghYF10&encrypt_type=aes&msg_signature=8a81af7e0be9950814db891966c877737973c03e
{"ToUserName":"gh_5907ea276845","Encrypt":"w/F3WEUA0aj3Q4gbqdwlpeG06nPIRw4nOWhuzojyiBrYho3AXoCIqBSDMW1ARS3zVMsGtVwwlVA4hFQ3x2G7UpAIr90n8bndoc5ijzTx1/DcNJgR9tbM9oMHM04dcrJdctNnR32zqbrNRhJO1UaXsAkigOEPb6eklFlKPaZxvXlotUddwQityUslEdLWf3ou/OniBFyqGvrtL3ulpHqKCVgUWtQmfQJM03VpoB6BgeKwhRrPrmiNtQt9XxTFDSVvRZ2X9AvEc1kGnbarqTBg8Xp8tehq5hXdf3k1Bqo1woU="}
{"ToUserName":"gh_5907ea276845","FromUserName":"oD5b_40ERop3bh_kqHSp8LghYF10","CreateTime":1593323098,"MsgType":"event","Event":"user_enter_tempsession","SessionFrom":"sly"}
{
  touser: 'oD5b_40ERop3bh_kqHSp8LghYF10',
  msgtype: 'text',
  text: { content: '请添加达人微信：adsfadsf' }
}
{ errcode: 0, errmsg: 'ok' }
回复的内容是: success
success
  --> POST /?signature=1b38d9277c555bfb51f967a85d5f72a48d6866fa&timestamp=1593323098&nonce=266945375&openid=oD5b_40ERop3bh_kqHSp8LghYF10&encrypt_type=aes&msg_signature=8a81af7e0be9950814db891966c877737973c03e 200 272ms 7b
  xxx POST /?signature=558d6e74adc5f2e5b0324a8a97f01d3510d395b8&timestamp=1593323102&nonce=370772196&openid=oD5b_40ERop3bh_kqHSp8LghYF10&encrypt_type=aes&msg_signature=42344e1716c4ef3b551d29a291f10948e610df3e 400 5,001ms -
  <-- POST /?signature=558d6e74adc5f2e5b0324a8a97f01d3510d395b8&timestamp=1593323102&nonce=370772196&openid=oD5b_40ERop3bh_kqHSp8LghYF10&encrypt_type=aes&msg_signature=42344e1716c4ef3b551d29a291f10948e610df3e
{"ToUserName":"gh_5907ea276845","Encrypt":"1ij6bmcAucyTrd/Ow76T13esP43DPDHRzra8Nh/AQbiBcPHz7sagWUR+HMcbqBehu7QnvIndrFdGJg+6c+BQKQEPJCVlTVvKGZiUChvBTtvJwfyLVoKGKmstBKlx4V05vr+ocF9LoItie5qGfvgAWOdN2BkSs1q7FWMYHYndzcsEjBA5Z4eJkPZsmTjO3aRUfWjgV44xL4unCQ1ZE8Xb7gNIzn3j+aDjIyxJDu6ZqtvFAublHnr5JIuFIpcYXQ50P916wZ2Bv1qQIQVneX0PY1DPq7RvUilKbfS6F3BMZ0454KwiZ/Yqj2dZK1uOUoVbnbS9nw4iNMkZoCXe8z97Nw=="}
{
"ToUserName": "gh_5907ea276845",
"FromUserName": "oD5b_40ERop3bh_kqHSp8LghYF10",
"CreateTime": 1593323101,
"MsgType": "text",
"Content": "啦啦啦啦啦啦",
"MsgId": 22810905307453936
}

回复的内容是: success
success
  --> POST /?signature=558d6e74adc5f2e5b0324a8a97f01d3510d395b8&timestamp=1593323102&nonce=370772196&openid=oD5b_40ERop3bh_kqHSp8LghYF10&encrypt_type=aes&msg_signature=42344e1716c4ef3b551d29a291f10948e610df3e 200 2ms 7b
  <-- POST /?signature=483dc7814d603415ee7442f4375da2c48b6e273e&timestamp=1593323119&nonce=1054538869&openid=oD5b_40ERop3bh_kqHSp8LghYF10&encrypt_type=aes&msg_signature=dfcb3eabe74643c41b11d7cea6c57fdeb3471a0b
  xxx POST /?signature=483dc7814d603415ee7442f4375da2c48b6e273e&timestamp=1593323119&nonce=1054538869&openid=oD5b_40ERop3bh_kqHSp8LghYF10&encrypt_type=aes&msg_signature=dfcb3eabe74643c41b11d7cea6c57fdeb3471a0b 400 5,004ms -
  <-- POST /?signature=483dc7814d603415ee7442f4375da2c48b6e273e&timestamp=1593323119&nonce=1054538869&openid=oD5b_40ERop3bh_kqHSp8LghYF10&encrypt_type=aes&msg_signature=dfcb3eabe74643c41b11d7cea6c57fdeb3471a0b
{"ToUserName":"gh_5907ea276845","Encrypt":"JezpdBJo45S5W+SFwGUcd+boDLnBfAZ/43wPmWoR9PYAkPcD45/DtBVsVQp0aRL8QTVzymr7I9SjPcYY3haFSD4aAg3zMsSN+Hrk2TKJZDF41PLu1uUalWCDc93Ctg9HqeWWFB/XHZMKY+SaIGlPAgnwXIg0Vm0ioL/BpxPqVDidqZtRAbKQrq5rKnXIjRuuh+CvrT9Fn4gFUb2/wM3fJCF2HG7iOPWjmni/vcrpKaLPbvkThd3k3qRxL96ksWbRMM+L0DUzXlN+tzEUgkGfDjb45V93JJ9qkkby2mSG0fk="}
{"ToUserName":"gh_5907ea276845","FromUserName":"oD5b_40ERop3bh_kqHSp8LghYF10","CreateTime":1593323119,"MsgType":"event","Event":"user_enter_tempsession","SessionFrom":"jyg"}
{
  touser: 'oD5b_40ERop3bh_kqHSp8LghYF10',
  msgtype: 'link',
  link: {
    title: '粉粉服务号',
    description: '点击关注粉粉服务号',
    url: 'http://t.cn/A6LHQqg4',
    thumb_url: ''
  }
}
{ errcode: 0, errmsg: 'ok' }
回复的内容是: success
success
  --> POST /?signature=483dc7814d603415ee7442f4375da2c48b6e273e&timestamp=1593323119&nonce=1054538869&openid=oD5b_40ERop3bh_kqHSp8LghYF10&encrypt_type=aes&msg_signature=dfcb3eabe74643c41b11d7cea6c57fdeb3471a0b 200 171ms 7b
  <-- POST /?signature=378d70ef63ccbb042f0f2fcb813a9cca48578c8a&timestamp=1593323412&nonce=122199858&openid=oD5b_40ERop3bh_kqHSp8LghYF10&encrypt_type=aes&msg_signature=fab65ef17f50ba2761cf096b6de25b1ddece0ffa
  xxx POST /?signature=378d70ef63ccbb042f0f2fcb813a9cca48578c8a&timestamp=1593323412&nonce=122199858&openid=oD5b_40ERop3bh_kqHSp8LghYF10&encrypt_type=aes&msg_signature=fab65ef17f50ba2761cf096b6de25b1ddece0ffa 400 5,002ms -
  <-- POST /?signature=378d70ef63ccbb042f0f2fcb813a9cca48578c8a&timestamp=1593323412&nonce=122199858&openid=oD5b_40ERop3bh_kqHSp8LghYF10&encrypt_type=aes&msg_signature=fab65ef17f50ba2761cf096b6de25b1ddece0ffa
{"ToUserName":"gh_5907ea276845","Encrypt":"bYATIxQgwXo407YE7vp85pzTFmSm5VpvTjMoN3EsR9DJxKSk/VynGH+3bKDBXAbkOSPqg2VohjCj/NHlhLAFRaeyNoIaBOo9kf/G3JuIW75qN5HKizsPzYU2zKPczQisYiGzlauubkQEMf3ENjiLM7MpyhiBxDfKnuxyUAidEcOfEQYhKnXWxZmrwXr4FGBIQNLcen4jLuaPHTJblP5FjSdUcEUdcoLzywE6dDF5geT5DeLJ2dRGBWzS3tBjV15fzLV/L8YRrRlbFQ6stBCyP7mNg0rLjdXBWxEDXwJMX9I="}
{"ToUserName":"gh_5907ea276845","FromUserName":"oD5b_40ERop3bh_kqHSp8LghYF10","CreateTime":1593323412,"MsgType":"event","Event":"user_enter_tempsession","SessionFrom":"sly"}
{
  touser: 'oD5b_40ERop3bh_kqHSp8LghYF10',
  msgtype: 'text',
  text: { content: '请添加达人微信：adsfadsf' }
}
{ errcode: 0, errmsg: 'ok' }
回复的内容是: success
success
  --> POST /?signature=378d70ef63ccbb042f0f2fcb813a9cca48578c8a&timestamp=1593323412&nonce=122199858&openid=oD5b_40ERop3bh_kqHSp8LghYF10&encrypt_type=aes&msg_signature=fab65ef17f50ba2761cf096b6de25b1ddece0ffa 200 171ms 7b
  <-- POST /?signature=a4cd66443bc72fa4b2d4e49a13e4da736f577b40&timestamp=1593325407&nonce=873656428&openid=oD5b_40ERop3bh_kqHSp8LghYF10&encrypt_type=aes&msg_signature=ba1aff05e873cae262d2a4617fa9813e5b338c83
  xxx POST /?signature=a4cd66443bc72fa4b2d4e49a13e4da736f577b40&timestamp=1593325407&nonce=873656428&openid=oD5b_40ERop3bh_kqHSp8LghYF10&encrypt_type=aes&msg_signature=ba1aff05e873cae262d2a4617fa9813e5b338c83 400 5,004ms -
  <-- POST /?signature=a4cd66443bc72fa4b2d4e49a13e4da736f577b40&timestamp=1593325407&nonce=873656428&openid=oD5b_40ERop3bh_kqHSp8LghYF10&encrypt_type=aes&msg_signature=ba1aff05e873cae262d2a4617fa9813e5b338c83
{"ToUserName":"gh_5907ea276845","Encrypt":"wzCJE+z52nSCede0OJqhFUTq4pQb/AHjTarZNXIgf8hF9zLrsFBRnxLXIWB9V8rDSESpT0K2H1ZSEh9QEvOxcM6BQGaPLNZ90YE2i64W5WSJRqe+WZXKO8WnxOdMJgwu+3x4sxsLq0I5MYn+ddQt1T5S52F46r6LCMKR8e2JxGGL//jOQyP6N3gKF1lk38ISP7EhM9tnWG1KLXEzIHpMIrKiDvqCTpZWysyWZs1nd5FcZgW4NHWHkF5QzFIbBBkxIIDFBa/5je8M+uWFQazClU4vUglrnOkr5nXPZi+tiKs="}
{"ToUserName":"gh_5907ea276845","FromUserName":"oD5b_40ERop3bh_kqHSp8LghYF10","CreateTime":1593325407,"MsgType":"event","Event":"user_enter_tempsession","SessionFrom":"jyg"}
{
  touser: 'oD5b_40ERop3bh_kqHSp8LghYF10',
  msgtype: 'link',
  link: {
    title: '粉粉服务号',
    description: '点击关注粉粉服务号',
    url: 'http://t.cn/A6LHQqg4',
    thumb_url: ''
  }
}
{ errcode: 0, errmsg: 'ok' }
回复的内容是: success
success
  --> POST /?signature=a4cd66443bc72fa4b2d4e49a13e4da736f577b40&timestamp=1593325407&nonce=873656428&openid=oD5b_40ERop3bh_kqHSp8LghYF10&encrypt_type=aes&msg_signature=ba1aff05e873cae262d2a4617fa9813e5b338c83 200 157ms 7b
Your application is Listening on port 3002
  <-- POST /?signature=16366dcca0214d74d775cf8971df5dda71f6e16a&timestamp=1593325579&nonce=546796041&openid=oD5b_40ERop3bh_kqHSp8LghYF10&encrypt_type=aes&msg_signature=6baab5950aae5a61681e84029fa96c698034ef13
  xxx POST /?signature=16366dcca0214d74d775cf8971df5dda71f6e16a&timestamp=1593325579&nonce=546796041&openid=oD5b_40ERop3bh_kqHSp8LghYF10&encrypt_type=aes&msg_signature=6baab5950aae5a61681e84029fa96c698034ef13 400 5,001ms -
  <-- POST /?signature=16366dcca0214d74d775cf8971df5dda71f6e16a&timestamp=1593325579&nonce=546796041&openid=oD5b_40ERop3bh_kqHSp8LghYF10&encrypt_type=aes&msg_signature=6baab5950aae5a61681e84029fa96c698034ef13
{"ToUserName":"gh_5907ea276845","Encrypt":"Sba5Os2MVfo4pWwvbLQcsdQwjbUTOmsAgO0wz43VB4a6yADVhJ91o8KxgMqr5u0DR+EXenGCQaTBdsDWkf6H/mNuZgIH0Hy0jua95cveSCclHbtGxezwXWre6afsUgT0cHHFG1vUc7c2lsJpsHGNSHWAoVuVPdYYvH1Uc1Tnu7ZG05Hlb/bwXLwrF29doHJgTJYkiyMe/v7YuxHIKpC4ZkctN0fDICGauFygyHS182Ck/a6E5+SdH+plORNqKwKUwUaeETBktxh5/4ALGKXuBdLBwdriLoR6Pmtg95/8ZOM="}
{"ToUserName":"gh_5907ea276845","FromUserName":"oD5b_40ERop3bh_kqHSp8LghYF10","CreateTime":1593325579,"MsgType":"event","Event":"user_enter_tempsession","SessionFrom":"jyg"}
{
  touser: 'oD5b_40ERop3bh_kqHSp8LghYF10',
  msgtype: 'link',
  link: {
    title: '粉粉服务号',
    description: '点击关注粉粉服务号',
    url: 'http://t.cn/A6LHQqg4',
    thumb_url: 'https://img.fenfenriji.com//69/27/03/Image/242B605A-8CB6-24D7-9BC1-5EF83723E2D7.jpeg'
  }
}
{ errcode: 0, errmsg: 'ok' }
回复的内容是: success
success
  --> POST /?signature=16366dcca0214d74d775cf8971df5dda71f6e16a&timestamp=1593325579&nonce=546796041&openid=oD5b_40ERop3bh_kqHSp8LghYF10&encrypt_type=aes&msg_signature=6baab5950aae5a61681e84029fa96c698034ef13 200 188ms 7b
  <-- POST /?signature=396d07fcdf395b4bfaeabc991723dac908e5fd9b&timestamp=1593329458&nonce=116373167&openid=oD5b_40ERop3bh_kqHSp8LghYF10&encrypt_type=aes&msg_signature=65afcf0bb78757bfb6c6b8f0f1200746484c8bd6
  <-- POST /?signature=40dae95ac0d572352b8052de516fc2d36d07100a&timestamp=1593329463&nonce=1280441094&openid=oD5b_40ERop3bh_kqHSp8LghYF10&encrypt_type=aes&msg_signature=de0ba30f9617206938d3c2846a8e70c4d233e194
  xxx POST /?signature=396d07fcdf395b4bfaeabc991723dac908e5fd9b&timestamp=1593329458&nonce=116373167&openid=oD5b_40ERop3bh_kqHSp8LghYF10&encrypt_type=aes&msg_signature=65afcf0bb78757bfb6c6b8f0f1200746484c8bd6 400 5,003ms -
  <-- POST /?signature=396d07fcdf395b4bfaeabc991723dac908e5fd9b&timestamp=1593329458&nonce=116373167&openid=oD5b_40ERop3bh_kqHSp8LghYF10&encrypt_type=aes&msg_signature=65afcf0bb78757bfb6c6b8f0f1200746484c8bd6
{"ToUserName":"gh_5907ea276845","Encrypt":"LCjQa4NyU/jqkyTzRyJ+nZ1Ic+kYvsr0K+/NnbOzGSmxRe9upEDT2jr0ezXXKBq3YPv29vtuAtO+YmaGgYZxlHNavrmT/VvzKrbPHOSRngJBj1+GL18HSPON0kZd7Is8E3xX+GKR685uJG08tFIBxCf4Tf+1WrffU3WCboZohr1Y3pg6nW3iC3V93mOAphCBW5CzFmkhsqsGknGib8o0MgwFsQIK6YH2YQNSC9jlkJoZJsnkc083910Kh1YQKXk+xW17pcjm+w+kpklP0NThPqQBhfeHpbRBhD+8Dz9SC+E="}
{"ToUserName":"gh_5907ea276845","FromUserName":"oD5b_40ERop3bh_kqHSp8LghYF10","CreateTime":1593329458,"MsgType":"event","Event":"user_enter_tempsession","SessionFrom":"jyg"}
{
  touser: 'oD5b_40ERop3bh_kqHSp8LghYF10',
  msgtype: 'link',
  link: {
    title: '粉粉服务号',
    description: '点击关注粉粉服务号',
    url: 'http://t.cn/A6LHQqg4',
    thumb_url: 'https://img.fenfenriji.com//69/27/03/Image/242B605A-8CB6-24D7-9BC1-5EF83723E2D7.jpeg'
  }
}
{
  errcode: 45047,
  errmsg: 'out of response count limit hint: [C0qWdA0463hc54]'
}
回复的内容是: success
success
  --> POST /?signature=396d07fcdf395b4bfaeabc991723dac908e5fd9b&timestamp=1593329458&nonce=116373167&openid=oD5b_40ERop3bh_kqHSp8LghYF10&encrypt_type=aes&msg_signature=65afcf0bb78757bfb6c6b8f0f1200746484c8bd6 200 103ms 7b
  xxx POST /?signature=40dae95ac0d572352b8052de516fc2d36d07100a&timestamp=1593329463&nonce=1280441094&openid=oD5b_40ERop3bh_kqHSp8LghYF10&encrypt_type=aes&msg_signature=de0ba30f9617206938d3c2846a8e70c4d233e194 400 5,004ms -
  <-- POST /?signature=40dae95ac0d572352b8052de516fc2d36d07100a&timestamp=1593329463&nonce=1280441094&openid=oD5b_40ERop3bh_kqHSp8LghYF10&encrypt_type=aes&msg_signature=de0ba30f9617206938d3c2846a8e70c4d233e194
{"ToUserName":"gh_5907ea276845","Encrypt":"PZ917XltpnCObLIe3J6D2ws83ndWcl6TSAfiPDiBxo5eKpJPW7Rq0WwiUqtdadm7uX73pP87JoVWWC9yWv3d7CPE+1OFSLqDfWBc82X2+EhX8QRV6atxaIrPEpzTDvIZW+AuyKsn22v+mHobxrYme0GRExjIxNrD7lhoUB1s5usEH1gLd2l8ch+uqx5GpUBMnuR6qmwwLQmCE/tS5EXF02P2gpCFEZbrwCRpRWjaV8RQ1W/gK8u3mTVCGcVO6pRjPIRf3Rv9O+D5w2YYToZ0xqezfXfqRHCUU4MHZZsaeKE="}
{"ToUserName":"gh_5907ea276845","FromUserName":"oD5b_40ERop3bh_kqHSp8LghYF10","CreateTime":1593329463,"MsgType":"event","Event":"user_enter_tempsession","SessionFrom":"sly"}
{
  touser: 'oD5b_40ERop3bh_kqHSp8LghYF10',
  msgtype: 'text',
  text: { content: '请添加达人微信：adsfadsf' }
}
{
  errcode: 45047,
  errmsg: 'out of response count limit hint: [PBybVA0468d447]'
}
回复的内容是: success
success
  --> POST /?signature=40dae95ac0d572352b8052de516fc2d36d07100a&timestamp=1593329463&nonce=1280441094&openid=oD5b_40ERop3bh_kqHSp8LghYF10&encrypt_type=aes&msg_signature=de0ba30f9617206938d3c2846a8e70c4d233e194 200 120ms 7b
  <-- POST /?signature=aaf31e6bd8e70146439d82da97d45ed5d6672423&timestamp=1593330052&nonce=1930980915&openid=oD5b_40ERop3bh_kqHSp8LghYF10&encrypt_type=aes&msg_signature=e1f4b89dc7a380a79965fe0f1c782dff9feb359d
  <-- POST /?signature=97940fb48c7b6864837a58b0e551f42dc5e84002&timestamp=1593330054&nonce=1532580796&openid=oD5b_40ERop3bh_kqHSp8LghYF10&encrypt_type=aes&msg_signature=8fb89881b7eaf37979dd16c61e6d84378291db88
  <-- POST /?signature=4a8941f40faff8a49446ec1f6f15b361bdf8f100&timestamp=1593330056&nonce=1719361801&openid=oD5b_40ERop3bh_kqHSp8LghYF10&encrypt_type=aes&msg_signature=0da483bb618eacc2541b14eff063e96a2c3984b4
  xxx POST /?signature=aaf31e6bd8e70146439d82da97d45ed5d6672423&timestamp=1593330052&nonce=1930980915&openid=oD5b_40ERop3bh_kqHSp8LghYF10&encrypt_type=aes&msg_signature=e1f4b89dc7a380a79965fe0f1c782dff9feb359d 400 5,001ms -
  <-- POST /?signature=aaf31e6bd8e70146439d82da97d45ed5d6672423&timestamp=1593330052&nonce=1930980915&openid=oD5b_40ERop3bh_kqHSp8LghYF10&encrypt_type=aes&msg_signature=e1f4b89dc7a380a79965fe0f1c782dff9feb359d
{"ToUserName":"gh_5907ea276845","Encrypt":"o+kKARLJCCQYKa7qK9SxbBiHbmb/g8ZBU9xmv6odU5dZkARRa7tt74XHaXQ1GVVh5yz/YfEZdq4BwVZ//4ednd0F6OQDV8S3UUbdMmpgbLfmDQbJVeIcEwmNM4GiK457XuJC+WatbNF2jUJJA9PlKzek23CemTkf8xiZKusk4RtNhygV2W942gHxubMquSd09S242P+PdTPLBduZM8M2BH9BUme5jDrwdz+5miMWO/73qgvYf4/2v9JZnKtuXcgqLXEX3Sw+KGXb/VEPevvovooBVzrUhQwvk6fPix395p0="}
{"ToUserName":"gh_5907ea276845","FromUserName":"oD5b_40ERop3bh_kqHSp8LghYF10","CreateTime":1593330052,"MsgType":"event","Event":"user_enter_tempsession","SessionFrom":"sly"}
{
  touser: 'oD5b_40ERop3bh_kqHSp8LghYF10',
  msgtype: 'text',
  text: { content: '请添加达人微信：adsfadsf' }
}
{
  errcode: 45047,
  errmsg: 'out of response count limit hint: [gC00572277]'
}
回复的内容是: success
success
  --> POST /?signature=aaf31e6bd8e70146439d82da97d45ed5d6672423&timestamp=1593330052&nonce=1930980915&openid=oD5b_40ERop3bh_kqHSp8LghYF10&encrypt_type=aes&msg_signature=e1f4b89dc7a380a79965fe0f1c782dff9feb359d 200 88ms 7b
  xxx POST /?signature=97940fb48c7b6864837a58b0e551f42dc5e84002&timestamp=1593330054&nonce=1532580796&openid=oD5b_40ERop3bh_kqHSp8LghYF10&encrypt_type=aes&msg_signature=8fb89881b7eaf37979dd16c61e6d84378291db88 400 5,001ms -
  <-- POST /?signature=97940fb48c7b6864837a58b0e551f42dc5e84002&timestamp=1593330054&nonce=1532580796&openid=oD5b_40ERop3bh_kqHSp8LghYF10&encrypt_type=aes&msg_signature=8fb89881b7eaf37979dd16c61e6d84378291db88
{"ToUserName":"gh_5907ea276845","Encrypt":"oTdvRdYqcmOGRdmIyug6C8jPYDjqAsckJP4HXmxOHDVpQlS9cYE9/9NIgL7sv+QoFz+MoxqHQ1YtNMq4GqF1P+rN8AcFRK0TIbUlpPWsL/qGPzvAM4enMLG0W3YB503jxeuJU3ztKhmhw34wCauk/9dXA1TvTVRR6o4S+o/r5PmE37yo+vfQVgCT224PU4Idkj/jqxu0U+hanNUkDyDf2+yJCi/HjcKT15wp9pUtNXHKSjSU392RiHRf1SrHcPF1ZtvRCJoWEnZszJNchEbPcQrOS5XXhmerm6FG9Wt7pIw="}
{"ToUserName":"gh_5907ea276845","FromUserName":"oD5b_40ERop3bh_kqHSp8LghYF10","CreateTime":1593330054,"MsgType":"event","Event":"user_enter_tempsession","SessionFrom":"sly"}
{
  touser: 'oD5b_40ERop3bh_kqHSp8LghYF10',
  msgtype: 'text',
  text: { content: '请添加达人微信：adsfadsf' }
}
{
  errcode: 45047,
  errmsg: 'out of response count limit hint: [qd8rMA00593933]'
}
回复的内容是: success
success
  --> POST /?signature=97940fb48c7b6864837a58b0e551f42dc5e84002&timestamp=1593330054&nonce=1532580796&openid=oD5b_40ERop3bh_kqHSp8LghYF10&encrypt_type=aes&msg_signature=8fb89881b7eaf37979dd16c61e6d84378291db88 200 92ms 7b
  xxx POST /?signature=4a8941f40faff8a49446ec1f6f15b361bdf8f100&timestamp=1593330056&nonce=1719361801&openid=oD5b_40ERop3bh_kqHSp8LghYF10&encrypt_type=aes&msg_signature=0da483bb618eacc2541b14eff063e96a2c3984b4 400 5,001ms -
  <-- POST /?signature=4a8941f40faff8a49446ec1f6f15b361bdf8f100&timestamp=1593330056&nonce=1719361801&openid=oD5b_40ERop3bh_kqHSp8LghYF10&encrypt_type=aes&msg_signature=0da483bb618eacc2541b14eff063e96a2c3984b4
{"ToUserName":"gh_5907ea276845","Encrypt":"Wvrsrj5jHa/oqifJcnrsT145bupSvzrVW963yzvMbRUtIyscGdnQfViC/gOBhK2efuh+mwBqEI+wmrmHfC/ACwaH0qY6+MVlxvCVEm0WxiRZFu8AtN9IX79lrjX5r66BIjgySGpQqqBv2HStsn3TarybSEsVcMwrkRehROdc0aim7K7jOUPRd5hY+Aj402agEgyx3kqfQEcJBVLecSqS7xV3Nd30zD7LTTpoBxh4iAaiy3gdmTZ72NmoJVGTVHUb0f7JX7BDZeQdY0Ulmqi9KFXg/PO9oOEEOk7XXyDLuLA="}
{"ToUserName":"gh_5907ea276845","FromUserName":"oD5b_40ERop3bh_kqHSp8LghYF10","CreateTime":1593330056,"MsgType":"event","Event":"user_enter_tempsession","SessionFrom":"sly"}
{
  touser: 'oD5b_40ERop3bh_kqHSp8LghYF10',
  msgtype: 'text',
  text: { content: '请添加达人微信：adsfadsf' }
}
{
  errcode: 45047,
  errmsg: 'out of response count limit hint: [R77ugA00611523]'
}
回复的内容是: success
success
  --> POST /?signature=4a8941f40faff8a49446ec1f6f15b361bdf8f100&timestamp=1593330056&nonce=1719361801&openid=oD5b_40ERop3bh_kqHSp8LghYF10&encrypt_type=aes&msg_signature=0da483bb618eacc2541b14eff063e96a2c3984b4 200 97ms 7b
  <-- POST /?signature=5655ae59e7301d8e87d90f1c526c268d37035e58&timestamp=1593330070&nonce=612273564&openid=oD5b_40ERop3bh_kqHSp8LghYF10&encrypt_type=aes&msg_signature=3a6550be4929275ef2c4d2cf8b585536d45c91f4
  <-- POST /?signature=adb41dc699e95030c37bb46f4b7cbefa8743b7ce&timestamp=1593330072&nonce=1281505201&openid=oD5b_40ERop3bh_kqHSp8LghYF10&encrypt_type=aes&msg_signature=faa71f767ace64ad1adf11f47aeda3aafec86262
  <-- POST /?signature=cb443558f4b7ad47cf47a9469f3851c3213fdf66&timestamp=1593330074&nonce=771404813&openid=oD5b_40ERop3bh_kqHSp8LghYF10&encrypt_type=aes&msg_signature=ddb0385184aedd71ddd7239b8c7eb21005320ec9
  xxx POST /?signature=5655ae59e7301d8e87d90f1c526c268d37035e58&timestamp=1593330070&nonce=612273564&openid=oD5b_40ERop3bh_kqHSp8LghYF10&encrypt_type=aes&msg_signature=3a6550be4929275ef2c4d2cf8b585536d45c91f4 400 5,001ms -
  <-- POST /?signature=5655ae59e7301d8e87d90f1c526c268d37035e58&timestamp=1593330070&nonce=612273564&openid=oD5b_40ERop3bh_kqHSp8LghYF10&encrypt_type=aes&msg_signature=3a6550be4929275ef2c4d2cf8b585536d45c91f4
{"ToUserName":"gh_5907ea276845","Encrypt":"tsMprXJyKspdW/pKdJ0mjZ4YxFdKo0+WtOZnMbi/AbllVKJrj181ClvY8y9iJWK7QQNM3ojDlsYHYMYOpjGvjXXQ94/0l0hOf0c1WB514PnPZyVYEavm9LS+vUOa5Vjw76bfCYJXKCGKJeyK9fmYZIHX4P4m0dQbdDztn70XYmUuGn6iIow3lo3A8nHVflOj3cba7Hg4YKSsiOatDofDcXX+tv6kgIaLjpFAnIlIHe6Z8ykHF5fqvJMbIur0PaWaj/8n871X7DqCNUS1F1u12BYzSfIfSjNdKBTyZIappt8="}
{"ToUserName":"gh_5907ea276845","FromUserName":"oD5b_40ERop3bh_kqHSp8LghYF10","CreateTime":1593330070,"MsgType":"event","Event":"user_enter_tempsession","SessionFrom":"sly"}
{
  touser: 'oD5b_40ERop3bh_kqHSp8LghYF10',
  msgtype: 'text',
  text: { content: '请添加达人微信：adsfadsf' }
}
{
  errcode: 45047,
  errmsg: 'out of response count limit hint: [yXhsza00753934]'
}
回复的内容是: success
success
  --> POST /?signature=5655ae59e7301d8e87d90f1c526c268d37035e58&timestamp=1593330070&nonce=612273564&openid=oD5b_40ERop3bh_kqHSp8LghYF10&encrypt_type=aes&msg_signature=3a6550be4929275ef2c4d2cf8b585536d45c91f4 200 84ms 7b
  <-- POST /?signature=ba761872a5d8fdcb1f8dd11aaf4b5e1ccc7dc0f7&timestamp=1593330076&nonce=1825919478&openid=oD5b_40ERop3bh_kqHSp8LghYF10&encrypt_type=aes&msg_signature=cf8db140fad9d3875665c6e0a9ed8c6b8b2c3a7f
  xxx POST /?signature=adb41dc699e95030c37bb46f4b7cbefa8743b7ce&timestamp=1593330072&nonce=1281505201&openid=oD5b_40ERop3bh_kqHSp8LghYF10&encrypt_type=aes&msg_signature=faa71f767ace64ad1adf11f47aeda3aafec86262 400 5,002ms -
  <-- POST /?signature=adb41dc699e95030c37bb46f4b7cbefa8743b7ce&timestamp=1593330072&nonce=1281505201&openid=oD5b_40ERop3bh_kqHSp8LghYF10&encrypt_type=aes&msg_signature=faa71f767ace64ad1adf11f47aeda3aafec86262
{"ToUserName":"gh_5907ea276845","Encrypt":"6kcv3P+/OZNzC+XYrnCl8i2m4r2Jr1suU5p2D6ssc4oadSA7YwZtMc5yyGwTBj+UQj2TuYGHGfKtzbuerv8kISuh62Ap+VlM1G2MIISngj/41ENugKRSdonVFTfgfHhK8XWTLa+cTK+C2rC5jB8hGadg5IM7+jKlNsTVxaRfqf5bviMZ5LqlUgy6ZrLi/c8aJ2JrdkcV6edmM93sRcZBwXjSM9ylb+GhzoJj2gcA/xz2VMqTrZsUXJ1NFZy9LjZ8rFrTLggT/MZuw4YFqYN68zrPBLtVdh/TLi+6L7vswkc="}
{"ToUserName":"gh_5907ea276845","FromUserName":"oD5b_40ERop3bh_kqHSp8LghYF10","CreateTime":1593330072,"MsgType":"event","Event":"user_enter_tempsession","SessionFrom":"sly"}
{
  touser: 'oD5b_40ERop3bh_kqHSp8LghYF10',
  msgtype: 'text',
  text: { content: '请添加达人微信：adsfadsf' }
}
{
  errcode: 45047,
  errmsg: 'out of response count limit hint: [GlurjA00771144]'
}
回复的内容是: success
success
  --> POST /?signature=adb41dc699e95030c37bb46f4b7cbefa8743b7ce&timestamp=1593330072&nonce=1281505201&openid=oD5b_40ERop3bh_kqHSp8LghYF10&encrypt_type=aes&msg_signature=faa71f767ace64ad1adf11f47aeda3aafec86262 200 91ms 7b
  xxx POST /?signature=cb443558f4b7ad47cf47a9469f3851c3213fdf66&timestamp=1593330074&nonce=771404813&openid=oD5b_40ERop3bh_kqHSp8LghYF10&encrypt_type=aes&msg_signature=ddb0385184aedd71ddd7239b8c7eb21005320ec9 400 5,000ms -
  <-- POST /?signature=cb443558f4b7ad47cf47a9469f3851c3213fdf66&timestamp=1593330074&nonce=771404813&openid=oD5b_40ERop3bh_kqHSp8LghYF10&encrypt_type=aes&msg_signature=ddb0385184aedd71ddd7239b8c7eb21005320ec9
{"ToUserName":"gh_5907ea276845","Encrypt":"UzZWSuKpib7uZkKd4EAFdNebPZNHhIx05x/R+8XmLjx+KfdXS4qT4mZ/yh9A/Pkvg2MIxlu5UzKMKVnnJriddn4afO/3qk93LkDKU5u6ia4Z4i5o5Zii4Au7LQxoCSSaCkNMNIGj+uTFyATrbIk8M8j0hZ6gZ2p4g/bK9Ko5YnA118lGnZu8aJKA0sIK/GJQaNkAlDVZz/a51XTod1hSqzSsAWtTE7uIt7Ch1wbJbGCpBBKXnNDU4T7hcX9Hp61uD2CH5cLZbcYRVi+KDdQx2oz3ABr6cfGQiwQylHMQnMc="}
{"ToUserName":"gh_5907ea276845","FromUserName":"oD5b_40ERop3bh_kqHSp8LghYF10","CreateTime":1593330074,"MsgType":"event","Event":"user_enter_tempsession","SessionFrom":"sly"}
{
  touser: 'oD5b_40ERop3bh_kqHSp8LghYF10',
  msgtype: 'text',
  text: { content: '请添加达人微信：adsfadsf' }
}
{
  errcode: 45047,
  errmsg: 'out of response count limit hint: [RGqgoa0079d448]'
}
回复的内容是: success
success
  --> POST /?signature=cb443558f4b7ad47cf47a9469f3851c3213fdf66&timestamp=1593330074&nonce=771404813&openid=oD5b_40ERop3bh_kqHSp8LghYF10&encrypt_type=aes&msg_signature=ddb0385184aedd71ddd7239b8c7eb21005320ec9 200 68ms 7b
  xxx POST /?signature=ba761872a5d8fdcb1f8dd11aaf4b5e1ccc7dc0f7&timestamp=1593330076&nonce=1825919478&openid=oD5b_40ERop3bh_kqHSp8LghYF10&encrypt_type=aes&msg_signature=cf8db140fad9d3875665c6e0a9ed8c6b8b2c3a7f 400 5,002ms -
  <-- POST /?signature=ba761872a5d8fdcb1f8dd11aaf4b5e1ccc7dc0f7&timestamp=1593330076&nonce=1825919478&openid=oD5b_40ERop3bh_kqHSp8LghYF10&encrypt_type=aes&msg_signature=cf8db140fad9d3875665c6e0a9ed8c6b8b2c3a7f
{"ToUserName":"gh_5907ea276845","Encrypt":"Bz1rxKUxeb6y72IoDIbBQu6+S+I24Yp3/6DdCRyDvf4znHKcjUUBNwnXUmkq0f4V8rn7sA4Z9iwtk1gzQVtEsJ1MmgWK8A1kVvuLQedcWmhQ7tcErbm3caY46ps8DlXClthydom4rLstxAbFTUT4B1G12aUucvOY67Gm3ORvo8LGZatQ3LZAWx0IVbsylvjexzTnOP5NjKfOrk1TXojGPeJFlkpl0tgedqKJz4A3VJRqvWCiuR9I6Hf43NGKOoIeZdddg+XgV8K/aV+1bvQFgd706kzaqN+3GqzGhVABJmE="}
{"ToUserName":"gh_5907ea276845","FromUserName":"oD5b_40ERop3bh_kqHSp8LghYF10","CreateTime":1593330076,"MsgType":"event","Event":"user_enter_tempsession","SessionFrom":"sly"}
{
  touser: 'oD5b_40ERop3bh_kqHSp8LghYF10',
  msgtype: 'text',
  text: { content: '请添加达人微信：adsfadsf' }
}
{
  errcode: 45047,
  errmsg: 'out of response count limit hint: [nQHnNa0081shc1]'
}
回复的内容是: success
success
  --> POST /?signature=ba761872a5d8fdcb1f8dd11aaf4b5e1ccc7dc0f7&timestamp=1593330076&nonce=1825919478&openid=oD5b_40ERop3bh_kqHSp8LghYF10&encrypt_type=aes&msg_signature=cf8db140fad9d3875665c6e0a9ed8c6b8b2c3a7f 200 94ms 7b
  <-- POST /?signature=61285646ee6484fdd25c6b19d9b14c07d3982ffa&timestamp=1593330426&nonce=1055092063&openid=oD5b_40ERop3bh_kqHSp8LghYF10&encrypt_type=aes&msg_signature=6dfb8b876b394dec87bb05eadba034da80fcd6ed
  xxx POST /?signature=61285646ee6484fdd25c6b19d9b14c07d3982ffa&timestamp=1593330426&nonce=1055092063&openid=oD5b_40ERop3bh_kqHSp8LghYF10&encrypt_type=aes&msg_signature=6dfb8b876b394dec87bb05eadba034da80fcd6ed 400 5,002ms -
  <-- POST /?signature=61285646ee6484fdd25c6b19d9b14c07d3982ffa&timestamp=1593330426&nonce=1055092063&openid=oD5b_40ERop3bh_kqHSp8LghYF10&encrypt_type=aes&msg_signature=6dfb8b876b394dec87bb05eadba034da80fcd6ed
{"ToUserName":"gh_5907ea276845","Encrypt":"QL8zAyNe1nijSoHTbUP8IiXndLaVDa1qoiUaKuyqfl3baAumN/K/YF3bd4pGTSQt+AdC3SW61eY7GXkJkjxD8qv86nnOkbZB65l5XCmTzA5dJ+4CKqWpxQtU0wn3By8MENSlIk2fqvgup3TQ1UHM9ZkuimX/JBK5WRct3mWoUgD1X+nAsihpBUjwpR86f94+e7ydo6Ot4e9RV4I/IN5yEREyzOGGKedt/Im1gxGU/WeMTEVlaMgnEcEodCrEJFpuNTIZjC+Y+X64wq7rPyKbyCq35VMnS62PT6wRhId5JC4="}
{"ToUserName":"gh_5907ea276845","FromUserName":"oD5b_40ERop3bh_kqHSp8LghYF10","CreateTime":1593330426,"MsgType":"event","Event":"user_enter_tempsession","SessionFrom":"jyg"}
  <-- POST /?signature=ee27e55a2ca53d1bd1899630da03ef7ad70b5b84&timestamp=1593330431&nonce=2075890479&openid=oD5b_40ERop3bh_kqHSp8LghYF10&encrypt_type=aes&msg_signature=6ea9d86ed288a2005bc81688d6fdaaff22b647c2
{
  touser: 'oD5b_40ERop3bh_kqHSp8LghYF10',
  msgtype: 'link',
  link: {
    title: '粉粉服务号',
    description: '点击关注粉粉服务号',
    url: 'http://t.cn/A6LHQqg4',
    thumb_url: 'https://img.fenfenriji.com//69/27/03/Image/242B605A-8CB6-24D7-9BC1-5EF83723E2D7.jpeg'
  }
}
{
  errcode: 45047,
  errmsg: 'out of response count limit hint: [_90431d451]'
}
回复的内容是: success
success
  --> POST /?signature=61285646ee6484fdd25c6b19d9b14c07d3982ffa&timestamp=1593330426&nonce=1055092063&openid=oD5b_40ERop3bh_kqHSp8LghYF10&encrypt_type=aes&msg_signature=6dfb8b876b394dec87bb05eadba034da80fcd6ed 200 231ms 7b
  xxx POST /?signature=ee27e55a2ca53d1bd1899630da03ef7ad70b5b84&timestamp=1593330431&nonce=2075890479&openid=oD5b_40ERop3bh_kqHSp8LghYF10&encrypt_type=aes&msg_signature=6ea9d86ed288a2005bc81688d6fdaaff22b647c2 400 4,993ms -
  <-- POST /?signature=ee27e55a2ca53d1bd1899630da03ef7ad70b5b84&timestamp=1593330431&nonce=2075890479&openid=oD5b_40ERop3bh_kqHSp8LghYF10&encrypt_type=aes&msg_signature=6ea9d86ed288a2005bc81688d6fdaaff22b647c2
{"ToUserName":"gh_5907ea276845","Encrypt":"aBHOG77IuM+RvU049sB0NzFIiugNtmQKI7r+NI4UU2ELUQ/Q5/ntHyypMMz6wSXOTR8V9UA2bmkZeCjrocDiIgW3FNelI25P9gyTIbIq9XyBTQyWRnidolxeuQZzxZc9+EPRKT1YdX2MkFx5iGzmooPHqmG3Ff2tMr1BH04f8jozbUw+LfvjeuZmEVyARVaSJWxzKzoRvnjvTOCsoPPCYFrSZhH43vWFAueZ2/HKkaKoxMfe4kUp27yCdZ7F2fvcehroUoBDPekEdHUBwAJXnSaJ08vjWDe0BJnfEZ7mj9Q="}
{"ToUserName":"gh_5907ea276845","FromUserName":"oD5b_40ERop3bh_kqHSp8LghYF10","CreateTime":1593330431,"MsgType":"event","Event":"user_enter_tempsession","SessionFrom":"jyg"}
{
  touser: 'oD5b_40ERop3bh_kqHSp8LghYF10',
  msgtype: 'link',
  link: {
    title: '粉粉服务号',
    description: '点击关注粉粉服务号',
    url: 'http://t.cn/A6LHQqg4',
    thumb_url: 'https://img.fenfenriji.com//69/27/03/Image/242B605A-8CB6-24D7-9BC1-5EF83723E2D7.jpeg'
  }
}
{
  errcode: 45047,
  errmsg: 'out of response count limit hint: [Wf8j4a0436d418]'
}
回复的内容是: success
success
  --> POST /?signature=ee27e55a2ca53d1bd1899630da03ef7ad70b5b84&timestamp=1593330431&nonce=2075890479&openid=oD5b_40ERop3bh_kqHSp8LghYF10&encrypt_type=aes&msg_signature=6ea9d86ed288a2005bc81688d6fdaaff22b647c2 200 68ms 7b
  <-- POST /?signature=ff3c9babdb07dc6dc5bba448a5b0bdc6df20bb8f&timestamp=1593330438&nonce=1816960141&openid=oD5b_40ERop3bh_kqHSp8LghYF10&encrypt_type=aes&msg_signature=79b5ff494d8f75322c66ee653516cae069e854bd
  <-- POST /?signature=94332ec87a6e6989d7ef38bb9235efe1a59e8927&timestamp=1593330442&nonce=1553489221&openid=oD5b_40ERop3bh_kqHSp8LghYF10&encrypt_type=aes&msg_signature=e15254db80b6633da0e77c3ed3162c485e3969a5
  xxx POST /?signature=ff3c9babdb07dc6dc5bba448a5b0bdc6df20bb8f&timestamp=1593330438&nonce=1816960141&openid=oD5b_40ERop3bh_kqHSp8LghYF10&encrypt_type=aes&msg_signature=79b5ff494d8f75322c66ee653516cae069e854bd 400 5,002ms -
  <-- POST /?signature=ff3c9babdb07dc6dc5bba448a5b0bdc6df20bb8f&timestamp=1593330438&nonce=1816960141&openid=oD5b_40ERop3bh_kqHSp8LghYF10&encrypt_type=aes&msg_signature=79b5ff494d8f75322c66ee653516cae069e854bd
{"ToUserName":"gh_5907ea276845","Encrypt":"0DnihNIz3TgjXD3ewNnLdhpabTeeWk+Hw/TI9M5Q4osoVhKJ3Gw5IWO8MunaLZrUYddkN5oeng5BCT8uSM8nWg+/mOGuYDYIxlzrTjBVYLCyYk7uLwHWafl60asTx8k/efW71kC0UdcTssYe8D2VkY8AuxO33kVp+fLyLQiw35kPHRFV0in7dtE87E9l+ZX5HVGDPTmhErJfbTbOHZwiYa/rtoh320wskBhDP/Fb6eDji1vyctPzvqT8FA90r13RQbLNVVuf6ifVY+Z1tR3DCoWWnZNKr07PTJSypM8siRQ="}
{"ToUserName":"gh_5907ea276845","FromUserName":"oD5b_40ERop3bh_kqHSp8LghYF10","CreateTime":1593330438,"MsgType":"event","Event":"user_enter_tempsession","SessionFrom":"jyg"}
{
  touser: 'oD5b_40ERop3bh_kqHSp8LghYF10',
  msgtype: 'link',
  link: {
    title: '粉粉服务号',
    description: '点击关注粉粉服务号',
    url: 'http://t.cn/A6LHQqg4',
    thumb_url: 'https://img.fenfenriji.com//69/27/03/Image/242B605A-8CB6-24D7-9BC1-5EF83723E2D7.jpeg'
  }
}
{
  errcode: 45047,
  errmsg: 'out of response count limit hint: [PFWzWa04433933]'
}
回复的内容是: success
success
  --> POST /?signature=ff3c9babdb07dc6dc5bba448a5b0bdc6df20bb8f&timestamp=1593330438&nonce=1816960141&openid=oD5b_40ERop3bh_kqHSp8LghYF10&encrypt_type=aes&msg_signature=79b5ff494d8f75322c66ee653516cae069e854bd 200 83ms 7b
  xxx POST /?signature=94332ec87a6e6989d7ef38bb9235efe1a59e8927&timestamp=1593330442&nonce=1553489221&openid=oD5b_40ERop3bh_kqHSp8LghYF10&encrypt_type=aes&msg_signature=e15254db80b6633da0e77c3ed3162c485e3969a5 400 5,001ms -
  <-- POST /?signature=94332ec87a6e6989d7ef38bb9235efe1a59e8927&timestamp=1593330442&nonce=1553489221&openid=oD5b_40ERop3bh_kqHSp8LghYF10&encrypt_type=aes&msg_signature=e15254db80b6633da0e77c3ed3162c485e3969a5
{"ToUserName":"gh_5907ea276845","Encrypt":"NvpFQkYivSMlmPIFSewCV2HgcNxThgFdLspc5hPQLvBeoe6oScaZeYh9FFGL4yxLgfY2094nDvlNc3j7Jy+mHcKVe/i4VurORi/SCqXDaIeSEOoUjBqX+wrxWjnLVAE4vWPNMFKZe8Cs7CxTlh+UGnTna2BZzS6Bf4CmLU4R0zFWFUsMk2caTYS7etcB3CtkEEhUqqsKSgUcVKuOY29S7j0rC7qkUJ/uIm+VGaPtHs3BJv6RYlp8cNDOqGao5bCeJY2M3vbmM4hqQR2XDi7iPfTPw4bDd0t43FJSG1vtTtY="}
{"ToUserName":"gh_5907ea276845","FromUserName":"oD5b_40ERop3bh_kqHSp8LghYF10","CreateTime":1593330442,"MsgType":"event","Event":"user_enter_tempsession","SessionFrom":"jyg"}
{
  touser: 'oD5b_40ERop3bh_kqHSp8LghYF10',
  msgtype: 'link',
  link: {
    title: '粉粉服务号',
    description: '点击关注粉粉服务号',
    url: 'http://t.cn/A6LHQqg4',
    thumb_url: 'https://img.fenfenriji.com//69/27/03/Image/242B605A-8CB6-24D7-9BC1-5EF83723E2D7.jpeg'
  }
}
{
  errcode: 45047,
  errmsg: 'out of response count limit hint: [mfJi0a04473055]'
}
回复的内容是: success
success
  --> POST /?signature=94332ec87a6e6989d7ef38bb9235efe1a59e8927&timestamp=1593330442&nonce=1553489221&openid=oD5b_40ERop3bh_kqHSp8LghYF10&encrypt_type=aes&msg_signature=e15254db80b6633da0e77c3ed3162c485e3969a5 200 98ms 7b
  <-- POST /?signature=d6ca8deced203a09b1240857d86d653fae58b124&timestamp=1593331482&nonce=1340538329&openid=oD5b_40ERop3bh_kqHSp8LghYF10&encrypt_type=aes&msg_signature=764483d4816a870ad8955134f60246449ddd11bd
  <-- POST /?signature=01c330fe1392fa99859220c2ed8749a6252af53e&timestamp=1593331486&nonce=75099521&openid=oD5b_40ERop3bh_kqHSp8LghYF10&encrypt_type=aes&msg_signature=1e4f88422ade0cbc9b71ce4d7c3e724f2c23a5f6
  xxx POST /?signature=d6ca8deced203a09b1240857d86d653fae58b124&timestamp=1593331482&nonce=1340538329&openid=oD5b_40ERop3bh_kqHSp8LghYF10&encrypt_type=aes&msg_signature=764483d4816a870ad8955134f60246449ddd11bd 400 5,002ms -
  <-- POST /?signature=d6ca8deced203a09b1240857d86d653fae58b124&timestamp=1593331482&nonce=1340538329&openid=oD5b_40ERop3bh_kqHSp8LghYF10&encrypt_type=aes&msg_signature=764483d4816a870ad8955134f60246449ddd11bd
{"ToUserName":"gh_5907ea276845","Encrypt":"C3xQ3WAIEpjhmEjdYDO6eFE+3zT3p0UKcq2zLddmD6/6TKje8VB5YEYYjuroPPkscFBcfDIn0d9GfkILpQt6IweiAgQ0DFazXncQJBm7Yt547ZQAkmutr5Q5W/UdIzO90CNx12zRhGI5rLzFoQIe3pibjcECV342zJTXGOW1xSp4F/dDkcMhkZUJeXIVx3HvxU7Ep2Fo9E6EJ1QpGvEwzEDzSftgU3/FqSIUKouI81nXD3b5U1pa3ylUpERo4Klzc2ZwvhvKHalLcii8YjFnPFA7DwrutQYUP1OEHX5Tw+E="}
{"ToUserName":"gh_5907ea276845","FromUserName":"oD5b_40ERop3bh_kqHSp8LghYF10","CreateTime":1593331482,"MsgType":"event","Event":"user_enter_tempsession","SessionFrom":"jyg"}
{
  touser: 'oD5b_40ERop3bh_kqHSp8LghYF10',
  msgtype: 'link',
  link: {
    title: '粉粉服务号',
    description: '点击关注粉粉服务号',
    url: 'http://t.cn/A6LHQqg4',
    thumb_url: 'https://img.fenfenriji.com//69/27/03/Image/242B605A-8CB6-24D7-9BC1-5EF83723E2D7.jpeg'
  }
}
{ errcode: 0, errmsg: 'ok' }
回复的内容是: success
success
  --> POST /?signature=d6ca8deced203a09b1240857d86d653fae58b124&timestamp=1593331482&nonce=1340538329&openid=oD5b_40ERop3bh_kqHSp8LghYF10&encrypt_type=aes&msg_signature=764483d4816a870ad8955134f60246449ddd11bd 200 146ms 7b
  xxx POST /?signature=01c330fe1392fa99859220c2ed8749a6252af53e&timestamp=1593331486&nonce=75099521&openid=oD5b_40ERop3bh_kqHSp8LghYF10&encrypt_type=aes&msg_signature=1e4f88422ade0cbc9b71ce4d7c3e724f2c23a5f6 400 5,002ms -
  <-- POST /?signature=01c330fe1392fa99859220c2ed8749a6252af53e&timestamp=1593331486&nonce=75099521&openid=oD5b_40ERop3bh_kqHSp8LghYF10&encrypt_type=aes&msg_signature=1e4f88422ade0cbc9b71ce4d7c3e724f2c23a5f6
{"ToUserName":"gh_5907ea276845","Encrypt":"pbHxE6Rm6vESX3UWrUps1iuvRg4ZzTEj16ArAz/D6iC8cUbdq18erB533BLrGfgAufhllH8iV0NlyHXukLu7Hz1SrVat/WBpnpsfh7cWVkl8xbxmWbaYnmpw1J+sbh+ILtZdmGSCvDhwMsOdwXwmOXyV+53C4ummaUfWDTOiSBM5bf7g1AYrBllzursrTY/V8SE7L7HcPgArp6HwseUsadGFH9A1oFEivhk1F3yRuRcA7YqealFYDBpr9DPenEBsNEkgGtYmLTePjgzIlyRWNfizbYEp3fLTd7avpNx6QOs="}
{
"ToUserName": "gh_5907ea276845",
"FromUserName": "oD5b_40ERop3bh_kqHSp8LghYF10",
"CreateTime": 1593331486,
"MsgType": "text",
"Content": "哦哦哦哦",
"MsgId": 22811020457257895
}

回复的内容是: success
success
  --> POST /?signature=01c330fe1392fa99859220c2ed8749a6252af53e&timestamp=1593331486&nonce=75099521&openid=oD5b_40ERop3bh_kqHSp8LghYF10&encrypt_type=aes&msg_signature=1e4f88422ade0cbc9b71ce4d7c3e724f2c23a5f6 200 2ms 7b
  <-- POST /?signature=96c10e3536dae51a97926b8231f6de7e220b3999&timestamp=1593331497&nonce=1411098832&openid=oD5b_40ERop3bh_kqHSp8LghYF10&encrypt_type=aes&msg_signature=5573590bf24801fb75ed5cf8da6f5f62fa724af4
  xxx POST /?signature=96c10e3536dae51a97926b8231f6de7e220b3999&timestamp=1593331497&nonce=1411098832&openid=oD5b_40ERop3bh_kqHSp8LghYF10&encrypt_type=aes&msg_signature=5573590bf24801fb75ed5cf8da6f5f62fa724af4 400 5,001ms -
  <-- POST /?signature=96c10e3536dae51a97926b8231f6de7e220b3999&timestamp=1593331497&nonce=1411098832&openid=oD5b_40ERop3bh_kqHSp8LghYF10&encrypt_type=aes&msg_signature=5573590bf24801fb75ed5cf8da6f5f62fa724af4
{"ToUserName":"gh_5907ea276845","Encrypt":"EHZpSyksWen7XN0MGjitf1sPj0YqZWZrj8tniFcjgYFGSsMKf6HIWNtHl+mC1fCFdnU27Q1q/psmcXojbHO9DyhaiuwFuV3vwvesfwGEO+HLA9I1fJBMevEXXJ73dcjTZkq0yT5dHZq+A7hJXY0Y0+sKw5JSM0Df7/cZz7aUQzP6ngedDBR9bDK1NIBrJcbh+jOwYPS/4kAe+NfzMAAUMM8suKFCrrH3F8Gvk1nGOLfbpq97hit8kOfcxrTJb6WCqCOO7dJayN2tWINcYJTNcjs5xIhqZp6E3TJaoPXI7b8="}
{"ToUserName":"gh_5907ea276845","FromUserName":"oD5b_40ERop3bh_kqHSp8LghYF10","CreateTime":1593331497,"MsgType":"event","Event":"user_enter_tempsession","SessionFrom":"sly"}
{
  touser: 'oD5b_40ERop3bh_kqHSp8LghYF10',
  msgtype: 'text',
  text: { content: '请添加达人微信：adsfadsf' }
}
{ errcode: 0, errmsg: 'ok' }
回复的内容是: success
success
  --> POST /?signature=96c10e3536dae51a97926b8231f6de7e220b3999&timestamp=1593331497&nonce=1411098832&openid=oD5b_40ERop3bh_kqHSp8LghYF10&encrypt_type=aes&msg_signature=5573590bf24801fb75ed5cf8da6f5f62fa724af4 200 160ms 7b
  <-- POST /?signature=705b4e068627b69e83ec3191c43ededfe020188e&timestamp=1593331620&nonce=612200182&openid=oD5b_40ERop3bh_kqHSp8LghYF10&encrypt_type=aes&msg_signature=ed8a3ad21ff7c26cdf6edc51d6e0f92c9b86f657
  xxx POST /?signature=705b4e068627b69e83ec3191c43ededfe020188e&timestamp=1593331620&nonce=612200182&openid=oD5b_40ERop3bh_kqHSp8LghYF10&encrypt_type=aes&msg_signature=ed8a3ad21ff7c26cdf6edc51d6e0f92c9b86f657 400 5,003ms -
  <-- POST /?signature=705b4e068627b69e83ec3191c43ededfe020188e&timestamp=1593331620&nonce=612200182&openid=oD5b_40ERop3bh_kqHSp8LghYF10&encrypt_type=aes&msg_signature=ed8a3ad21ff7c26cdf6edc51d6e0f92c9b86f657
{"ToUserName":"gh_5907ea276845","Encrypt":"QI0nr/QZsZN4jS6ZKP8hxO3UoYscwV4rZIDsGqz3R4eXYEKJkf191b1gW37oXp/Rp54yrkXBB+tv3h1230YrsqfQ7R9p1D9Nm2nuAwdKEbcQojfek8dgwySWSlqqGtbA2UskOdDf8+izuh+kQN1yzlaFczZy58JIX2QOZnQZ+C3mwyNI2NXTbq7uqg8l8pib5lEVeDyHJjTQ5xR8K9rx9b6M7PbT5zGVVy4bU3+bkSM2olWTVEZVC0d96ANnZuPlh5fVxSlh+CuGUQ4vT1fp1qEeXWyh4qSZHQcWdKM3VIk="}
{"ToUserName":"gh_5907ea276845","FromUserName":"oD5b_40ERop3bh_kqHSp8LghYF10","CreateTime":1593331620,"MsgType":"event","Event":"user_enter_tempsession","SessionFrom":"sly"}
{
  touser: 'oD5b_40ERop3bh_kqHSp8LghYF10',
  msgtype: 'text',
  text: { content: '请添加达人微信：adsfadsf' }
}
{ errcode: 0, errmsg: 'ok' }
回复的内容是: success
success
  --> POST /?signature=705b4e068627b69e83ec3191c43ededfe020188e&timestamp=1593331620&nonce=612200182&openid=oD5b_40ERop3bh_kqHSp8LghYF10&encrypt_type=aes&msg_signature=ed8a3ad21ff7c26cdf6edc51d6e0f92c9b86f657 200 153ms 7b
  <-- POST /?signature=dc797d0dc2bcaef51c833d85f2819d6b68168d94&timestamp=1593331630&nonce=2074626642&openid=oD5b_40ERop3bh_kqHSp8LghYF10&encrypt_type=aes&msg_signature=2f12bc3ed31dd3e06114d438e0afe812140bb07b
  xxx POST /?signature=dc797d0dc2bcaef51c833d85f2819d6b68168d94&timestamp=1593331630&nonce=2074626642&openid=oD5b_40ERop3bh_kqHSp8LghYF10&encrypt_type=aes&msg_signature=2f12bc3ed31dd3e06114d438e0afe812140bb07b 400 5,002ms -
  <-- POST /?signature=dc797d0dc2bcaef51c833d85f2819d6b68168d94&timestamp=1593331630&nonce=2074626642&openid=oD5b_40ERop3bh_kqHSp8LghYF10&encrypt_type=aes&msg_signature=2f12bc3ed31dd3e06114d438e0afe812140bb07b
{"ToUserName":"gh_5907ea276845","Encrypt":"3eeROY80h9Nrp4jaLWj23Qu17bAs+gi+XCnWHqOB1I2Eb8t1IPmss7CL6V7j9v5GKK3SJCWa+RdmHn1rn+6u7F8B0tAE2+q5SUx9C9hz7LhTad21YnOhmdtLjcvr20l4FYxsoi3gpLtxDvIhhDJMNUyMKq1Cy9FnAUgmORU/HcOmLG8JceFeG3EiNQlCBAVZAdUxQ1PKBXENr9VY20osnHxI1ceyb4rd2g9uQMxNvsosJBzgaQQgPnRC5Cgl8Gw/qz/I7JGqRJt3ERy2SlQYyLSk+uWPR+DpRbEcnRuUCdM="}
{"ToUserName":"gh_5907ea276845","FromUserName":"oD5b_40ERop3bh_kqHSp8LghYF10","CreateTime":1593331630,"MsgType":"event","Event":"user_enter_tempsession","SessionFrom":"jyg"}
{
  touser: 'oD5b_40ERop3bh_kqHSp8LghYF10',
  msgtype: 'link',
  link: {
    title: '粉粉服务号',
    description: '点击关注粉粉服务号',
    url: 'http://t.cn/A6LHQqg4',
    thumb_url: 'https://img.fenfenriji.com//69/27/03/Image/242B605A-8CB6-24D7-9BC1-5EF83723E2D7.jpeg'
  }
}
{ errcode: 0, errmsg: 'ok' }
回复的内容是: success
success
  --> POST /?signature=dc797d0dc2bcaef51c833d85f2819d6b68168d94&timestamp=1593331630&nonce=2074626642&openid=oD5b_40ERop3bh_kqHSp8LghYF10&encrypt_type=aes&msg_signature=2f12bc3ed31dd3e06114d438e0afe812140bb07b 200 105ms 7b
